<?xml version="1.0" encoding="UTF-8"?>
<testng-results ignored="0" total="1" passed="1" failed="0" skipped="0">
  <reporter-output>
  </reporter-output>
  <suite started-at="2023-10-18T21:01:11 IST" name="Default suite" finished-at="2023-10-18T21:01:11 IST" duration-ms="36">
    <groups>
    </groups>
    <test started-at="2023-10-18T21:01:11 IST" name="Default test" finished-at="2023-10-18T21:01:11 IST" duration-ms="36">
      <class name="TestNG_Explore.AssertionSoftPractice">
        <test-method signature="practice1()[pri:0, instance:TestNG_Explore.AssertionSoftPractice@2cf3d63b]" started-at="2023-10-18T21:01:11 IST" name="practice1" finished-at="2023-10-18T21:01:11 IST" duration-ms="10" status="PASS">
          <reporter-output>
          </reporter-output>
        </test-method> <!-- practice1 -->
      </class> <!-- TestNG_Explore.AssertionSoftPractice -->
    </test> <!-- Default test -->
  </suite> <!-- Default suite -->
</testng-results>
